10:12:40 **** Incremental Build of configuration Debug for project Smart_Relay ****
"C:\\Users\\chorn\\ModusToolbox\\tools_2.4\\modus-shell\\bin\\make" CY_MAKE_IDE=eclipse CY_MAKE_IDE_VERSION=2.4 CY_IDE_TOOLS_DIR=C:/Users/chorn/ModusToolbox/tools_2.4 -j16 all 
Tools Directory: C:/Users/chorn/ModusToolbox/tools_2.4
CY8CPROTO-062-4343W.mk: ./libs/TARGET_CY8CPROTO-062-4343W/CY8CPROTO-062-4343W.mk
Log file= "C:/Users/chorn/AppData/Local/Temp/device-configurator-cli/device-configurator-cli-20220818.101242.190-2688.log"
Command line= "C:/Users/chorn/ModusToolbox/tools_2.4/device-configurator/device-configurator-cli.exe --library ../mtb_shared/mtb-pdl-cat1/release-v2.4.0/devicesupport.xml --build ./libs/TARGET_CY8CPROTO-062-4343W/COMPONENT_BSP_DESIGN_MODUS/design.modus --check-mcu=CY8C624ABZI-S2D44 --check-coprocessors=CYW4343WKUBG --readonly --skip-build"

Prebuild operations complete
Commencing build operations...

Tools Directory: C:/Users/chorn/ModusToolbox/tools_2.4
CY8CPROTO-062-4343W.mk: ./libs/TARGET_CY8CPROTO-062-4343W/CY8CPROTO-062-4343W.mk

Initializing build: mtb-example-psoc6-hello-world Debug CY8CPROTO-062-4343W GCC_ARM

Auto-discovery in progress...
-> Found 227 .c file(s)
-> Found 46 .S file(s)
-> Found 22 .s file(s)
-> Found 1 .cpp file(s)
-> Found 0 .o file(s)
-> Found 6 .a file(s)
-> Found 584 .h file(s)
-> Found 0 .hpp file(s)
-> Found 0 resource file(s)
Applying filters...
Auto-discovery complete

Constructing build rules...
../mtb_shared/core-make/release-v1.9.1/make/core/build.mk:376: warning: overriding recipe for target 'C:/Users/chorn/Diplom/Smart_Relay/build/CY8CPROTO-062-4343W/Debug/.metadata/.plugins/org.eclipse.cdt.make.core/specs.o'
../mtb_shared/core-make/release-v1.9.1/make/core/build.mk:376: warning: ignoring old recipe for target 'C:/Users/chorn/Diplom/Smart_Relay/build/CY8CPROTO-062-4343W/Debug/.metadata/.plugins/org.eclipse.cdt.make.core/specs.o'
Build rules construction complete

==============================================================================
= Building application =
==============================================================================
Generating compilation database file...
-> ./build/compile_commands.json
Compilation database file generation complete
Building 201 file(s)
Compiling main.c -DCY_USING_HAL -DCY_APPNAME_mtb_example_psoc6_hello_world -DCY8C624ABZI_S2D44 -DCY_TARGET_DEVICE=CY8C624ABZI_S2D44 -DTARGET_CY8CPROTO_062_4343W -DCY_TARGET_BOARD=CY8CPROTO_062_4343W -DCOMPONENT_4343W -DCOMPONENT_BSP_DESIGN_MODUS -DCOMPONENT_CAT1 -DCOMPONENT_CAT1A -DCOMPONENT_CM0P_SLEEP -DCOMPONENT_CM4 -DCOMPONENT_CY8CPROTO_062_4343W -DCOMPONENT_HCI_UART -DCOMPONENT_MURATA_1DX -DCOMPONENT_PSOC6HAL -DCOMPONENT_SOFTFP -DDEBUG  -DCY_SUPPORTS_DEVICE_VALIDATION -I. -I../mtb_shared/capsense/release-v3.0.0 -I../mtb_shared/core-lib/release-v1.3.0 -I../mtb_shared/core-lib/release-v1.3.0/include -I../mtb_shared/mtb-hal-cat1/release-v2.1.0 -I../mtb_shared/mtb-hal-cat1/release-v2.1.0/COMPONENT_CAT1A -I../mtb_shared/mtb-hal-cat1/release-v2.1.0/COMPONENT_CAT1A/include -I../mtb_shared/mtb-hal-cat1/release-v2.1.0/COMPONENT_CAT1A/include/pin_packages -I../mtb_shared/mtb-hal-cat1/release-v2.1.0/COMPONENT_CAT1A/include/triggers -I../mtb_shared/mtb-hal-cat1/release-v2.1.0/include -I../mtb_shared/mtb-hal-cat1/release-v2.1.0/include_pvt -I../mtb_shared/mtb-hal-cat1/release-v2.1.0/source -I../mtb_shared/mtb-pdl-cat1/release-v2.4.0 -I../mtb_shared/mtb-pdl-cat1/release-v2.4.0/cmsis -I../mtb_shared/mtb-pdl-cat1/release-v2.4.0/cmsis/include -I../mtb_shared/mtb-pdl-cat1/release-v2.4.0/devices -I../mtb_shared/mtb-pdl-cat1/release-v2.4.0/devices/COMPONENT_CAT1A -I../mtb_shared/mtb-pdl-cat1/release-v2.4.0/devices/COMPONENT_CAT1A/include -I../mtb_shared/mtb-pdl-cat1/release-v2.4.0/devices/COMPONENT_CAT1A/include/ip -I../mtb_shared/mtb-pdl-cat1/release-v2.4.0/drivers -I../mtb_shared/mtb-pdl-cat1/release-v2.4.0/drivers/include -I../mtb_shared/retarget-io/release-v1.3.0 -I./libs -I./libs/TARGET_CY8CPROTO-062-4343W -I./libs/TARGET_CY8CPROTO-062-4343W/COMPONENT_BSP_DESIGN_MODUS -I./libs/TARGET_CY8CPROTO-062-4343W/COMPONENT_BSP_DESIGN_MODUS/GeneratedSource -I./libs/TARGET_CY8CPROTO-062-4343W/bluetooth
main.c:20:1: warning: "/*" within comment [-Wcomment]
   20 | /*******************************************************************************
      |  
In file included from main.c:5:
./indicator-7seg.h:23:12: warning: 'segCodes' defined but not used [-Wunused-variable]
   23 | static int segCodes [4];
      |            ^~~~~~~~
./indicator-7seg.h:22:22: warning: 'timer_7seg' defined but not used [-Wunused-variable]
   22 | static cyhal_timer_t timer_7seg;
      |                      ^~~~~~~~~~
./indicator-7seg.h:21:12: warning: 'curSeg' defined but not used [-Wunused-variable]
   21 | static int curSeg = ONES;
      |            ^~~~~~
    Linking output file mtb-example-psoc6-hello-world.elf
==============================================================================
= Build complete =
==============================================================================

Calculating memory consumption: CY8C624ABZI-S2D44 GCC_ARM -Og

   ---------------------------------------------------- 
  | Section Name         |  Address      |  Size       | 
   ---------------------------------------------------- 
  | .cy_m0p_image        |  0x10000000   |  6216       | 
  | .text                |  0x10002000   |  23240      | 
  | .ARM.exidx           |  0x10007ac8   |  8          | 
  | .copy.table          |  0x10007ad0   |  24         | 
  | .zero.table          |  0x10007ae8   |  8          | 
  | .data                |  0x080022e0   |  1120       | 
  | .cy_sharedmem        |  0x08002740   |  8          | 
  | .noinit              |  0x08002748   |  148        | 
  | .bss                 |  0x080027dc   |  908        | 
  | .heap                |  0x08002b68   |  1031320    | 
   ---------------------------------------------------- 

  Total Internal Flash (Available)          2097152    
  Total Internal Flash (Utilized)           32608      

  Total Internal SRAM (Available)           1046528    
  Total Internal SRAM (Utilized with heap)  1033504    

  

10:12:52 Build Finished. 0 errors, 6 warnings. (took 12s.790ms)

